[alactic.wixsite.com/my-site-4-2.html]
[static.parastorage.com/unpkg/core-js-bundle@3.2.1/minified.js]
[static.parastorage.com/unpkg/focus-within-polyfill@5.0.9/dist/focus-within-polyfill.js]
[backblue.gif]
[fade.gif]
[index.html]
[polyfill-fastly.io/v3/polyfill.mind82c.js]
[alactic.wixsite.com/c.4.delayed]
[alactic.wixsite.com/t.5.delayed]
[static.parastorage.com/services/editor-elements-library/dist/thunderbolt/media/sloppyframe.d2412ec4.png]
[static.wixstatic.com/media/11062b_4f14b356c1df4854968cf1cc94ca98c5f000.jpg/v1/fill/w_288,h_162,al_c,q_80,usm_0.66_1.00_0.01,blur_2/11062b_4f14b356c1df4854968cf1cc94ca98c5f000.jpg]
[alactic.wixsite.com/index.html]
[alactic.wixsite.com/my-site-4-2/services.html]
[static.wixstatic.com/media/c19c76_376dc1d20bd348b99c4a732a1d6d7c81.png/v1/fill/w_55,h_31,al_c,q_85,usm_0.66_1.00_0.01,enc_auto/c19c76_376dc1d20bd348b99c4a732a1d6d7c81.png]
[alactic.wixsite.com/my-site-4-2/about.html]
[static.wixstatic.com/media/11062b_d1ef99d1e41e40729056ed291c28cf33_mv2.jpg/v1/fill/w_300,h_225,al_c,q_80,usm_0.66_1.00_0.01,enc_auto/Movie Clapboard.jpg]
[static.wixstatic.com/media/11062b_44a45a7a14544a389a653b0755b053d7_mv2.jpg/v1/fill/w_300,h_225,al_c,q_80,usm_0.66_1.00_0.01,enc_auto/Shades of Rose Wine.jpg]
[static.wixstatic.com/media/11062b_6aac8fffc6684828be49ebcaa0d20c88_mv2.jpg/v1/fill/w_300,h_225,al_c,q_80,usm_0.66_1.00_0.01,enc_auto/City Skyline.jpg]
[static.wixstatic.com/media/11062b_823da8115fcc44fca20049047695869a_mv2.jpe/v1/fill/w_147,h_83,al_c,q_80,usm_0.66_1.00_0.01,blur_2,/11062b_823da8115fcc44fca20049047695869a_mv2.jpg]
[static.wixstatic.com/media/2cab10_a9e9e20b17e74c73ae6e09264d0a1409_mv2.jpeg/v1/fill/w_72,h_72,al_c,q_80,usm_0.66_1.00_0.01,blur_2,enc_auto/WhatsApp Image 2023-12-29 at 15_32_51.jpg]
[static.wixstatic.com/media/2cab10_73e077ae0d554cd496bf0f48c395a85b_mv2.jpeg/v1/fill/w_60,h_81,al_c,q_80,usm_0.66_1.00_0.01,blur_2,enc_auto/WhatsApp Image 2024-03-13 at 15_48_04.jpg]
[static.wixstatic.com/media/2cab10_df9d859e518a493c9d72cbba345949d9_mv2.jpeg/v1/fill/w_72,h_70,al_c,q_80,usm_0.66_1.00_0.01,blur_2,enc_auto/WhatsApp Image 2024-03-15 at 14_18_56.jpg]
[static.wixstatic.com/media/c19c76_6c64fe7fa8964e09bf2143f277e5f8ed.png/v1/fill/w_147,h_147,al_c,lg_1,q_85,blur_3,enc_auto/c19c76_6c64fe7fa8964e09bf2143f277e5f8ed.png]
[static.wixstatic.com/media/c19c76_82f231993a674b1896b44089efb147fc.png/v1/fill/w_147,h_147,al_c,lg_1,q_85,blur_3,enc_auto/c19c76_82f231993a674b1896b44089efb147fc.png]
[static.wixstatic.com/media/c19c76_1d3deb1566654d56b8630dcabfe7027e.png/v1/fill/w_147,h_147,al_c,lg_1,q_85,blur_3,enc_auto/c19c76_1d3deb1566654d56b8630dcabfe7027e.png]
[static.wixstatic.com/media/c19c76_75bd6ff08bc54e11a0bb3b681f80e249.png/v1/fill/w_147,h_147,al_c,lg_1,q_85,blur_3,enc_auto/c19c76_75bd6ff08bc54e11a0bb3b681f80e249.png]
[static.wixstatic.com/media/c19c76_75b403aa340f4ec2b4a09dd1a9ecafeb.png/v1/fill/w_146,h_146,al_c,lg_1,q_85,blur_3,enc_auto/c19c76_75b403aa340f4ec2b4a09dd1a9ecafeb.png]
[static.wixstatic.com/media/c19c76_cf4a17b1cf394757aa44ab9ba26df915.png/v1/fill/w_146,h_146,al_c,lg_1,q_85,blur_3,enc_auto/c19c76_cf4a17b1cf394757aa44ab9ba26df915.png]
[static.wixstatic.com/media/c19c76_452720f393594be0899dbc968190e648.png/v1/fill/w_147,h_147,al_c,lg_1,q_85,blur_3,enc_auto/c19c76_452720f393594be0899dbc968190e648.png]
[static.wixstatic.com/media/c19c76_1d51056e398947f2ad3677f37a94d0b9.png/v1/fill/w_147,h_147,al_c,lg_1,q_85,blur_3,enc_auto/c19c76_1d51056e398947f2ad3677f37a94d0b9.png]
[static.wixstatic.com/media/c19c76_cfeea1550efb4df2bbd1d142a13af6d2.png/v1/fill/w_147,h_147,al_c,lg_1,q_85,blur_3,enc_auto/c19c76_cfeea1550efb4df2bbd1d142a13af6d2.png]
[static.wixstatic.com/media/c19c76_ba81a195b94a4f9facf9c5ffd28b7cd0.png/v1/fill/w_147,h_147,al_c,lg_1,q_85,blur_3,enc_auto/c19c76_ba81a195b94a4f9facf9c5ffd28b7cd0.png]
[browser.sentry-cdn.com/6.18.2/bundle.min.js]
[alactic.wixsite.com/sitemap.1d.delayed]
[alactic.wixsite.com/feed.1e.delayed]
[alactic.wixsite.com/${i.1f.delayed]
[static.parastorage.com/services/wix-thunderbolt/dist/thunderbolt-commons.d7f857a2.bundle.min.js]
[static.parastorage.com/services/wix-thunderbolt/dist/main.b6b1dfbb.bundle.min.js]
[static.parastorage.com/services/wix-thunderbolt/dist/main.renderer.1d21f023.bundle.min.js]
[static.parastorage.com/unpkg/lodash@4.17.21/lodash.min.js]
[static.parastorage.com/unpkg/react@18.3.1/umd/react.production.min.js]
[static.parastorage.com/unpkg/react-dom@18.3.1/umd/react-dom.production.min.js]
[alactic.wixsite.com/decodeURIComponent(e.26.delayed]
[alactic.wixsite.com/my-site-4-2.html]
[static.parastorage.com/services/tag-manager-client/1.875.0/siteTags.bundle.min.js]
[alactic.wixsite.com/c.html]
[alactic.wixsite.com/t.html]
[alactic.wixsite.com/index.html]
[alactic.wixsite.com/my-site-4-2/c.28.delayed]
[alactic.wixsite.com/my-site-4-2/t.29.delayed]
[alactic.wixsite.com/my-site-4-2/robots.2a.delayed]
[alactic.wixsite.com/my-site-4-2/sitemap.xml]
[alactic.wixsite.com/my-site-4-2/feed.2c.delayed]
[alactic.wixsite.com/my-site-4-2/${i.2d.delayed]
[static.parastorage.com/services/wix-thunderbolt/dist/thunderbolt-commons.590b364c.bundle.min.js]
[alactic.wixsite.com/my-site-4-2/decodeURIComponent(e.2f.delayed]
[alactic.wixsite.com/my-site-4-2/services.html]
[alactic.wixsite.com/my-site-4-2/about.html]
[alactic.wixsite.com/sitemap.html]
[alactic.wixsite.com/feed.html]
[alactic.wixsite.com/${i.html]
[alactic.wixsite.com/decodeURIComponent(e.html]
[alactic.wixsite.com/my-site-4-2/c.html]
[alactic.wixsite.com/my-site-4-2/t.html]
[alactic.wixsite.com/my-site-4-2/robots.html]
[alactic.wixsite.com/my-site-4-2/feed.html]
[alactic.wixsite.com/my-site-4-2/${i.html]
[alactic.wixsite.com/my-site-4-2/decodeURIComponent(e.html]
